<?xml version="1.0" encoding="UTF-8"?>
<!-- Generated by org.testng.reporters.JUnitReportReporter -->
<testsuite skipped="0" hostname="Pravinkumar-Rajendran" name="com.pract.TestDataProv" tests="5" failures="0" timestamp="29 Jun 2022 14:58:17 GMT" time="33.989" errors="0">
  <testcase name="tc01" time="3.489" classname="com.pract.TestDataProv"/>
  <testcase name="tc01" time="5.828" classname="com.pract.TestDataProv"/>
  <testcase name="tc01" time="4.675" classname="com.pract.TestDataProv"/>
  <testcase name="tc01" time="4.803" classname="com.pract.TestDataProv"/>
  <testcase name="tc01" time="15.194" classname="com.pract.TestDataProv"/>
</testsuite> <!-- com.pract.TestDataProv -->
