<?xml version="1.0" encoding="UTF-8"?>
<!-- Generated by org.testng.reporters.JUnitReportReporter -->
<testsuite skipped="0" hostname="Pravinkumar-Rajendran" name="com.pract.Test2data" tests="3" failures="0" timestamp="29 Jun 2022 15:16:50 GMT" time="10.349" errors="0">
  <testcase name="tc01" time="2.867" classname="com.pract.Test2data"/>
  <testcase name="tc01" time="4.507" classname="com.pract.Test2data"/>
  <testcase name="tc01" time="2.975" classname="com.pract.Test2data"/>
</testsuite> <!-- com.pract.Test2data -->
