<?xml version="1.0" encoding="UTF-8"?>
<!-- Generated by org.testng.reporters.JUnitReportReporter -->
<testsuite skipped="0" hostname="Pravinkumar-Rajendran" name="com.pract.Execution" tests="1" failures="0" timestamp="29 Jun 2022 06:07:34 GMT" time="2.973" errors="0">
  <testcase name="login" time="2.973" classname="com.pract.Execution"/>
</testsuite> <!-- com.pract.Execution -->
